0 info it worked if it ends with ok
1 verbose cli [ '/root/.nvm/versions/node/v7.0.0/bin/node',
1 verbose cli   '/root/.nvm/versions/node/v7.0.0/bin/npm',
1 verbose cli   'install',
1 verbose cli   '-g',
1 verbose cli   'flickr-oauth-dance' ]
2 info using npm@3.10.8
3 info using node@v7.0.0
4 silly loadCurrentTree Starting
5 silly install loadCurrentTree
6 silly install readGlobalPackageData
7 silly fetchPackageMetaData flickr-oauth-dance
8 silly fetchNamedPackageData flickr-oauth-dance
9 silly mapToRegistry name flickr-oauth-dance
10 silly mapToRegistry using default registry
11 silly mapToRegistry registry https://registry.npmjs.org/
12 silly mapToRegistry data Result {
12 silly mapToRegistry   raw: 'flickr-oauth-dance',
12 silly mapToRegistry   scope: null,
12 silly mapToRegistry   escapedName: 'flickr-oauth-dance',
12 silly mapToRegistry   name: 'flickr-oauth-dance',
12 silly mapToRegistry   rawSpec: '',
12 silly mapToRegistry   spec: 'latest',
12 silly mapToRegistry   type: 'tag' }
13 silly mapToRegistry uri https://registry.npmjs.org/flickr-oauth-dance
14 verbose request uri https://registry.npmjs.org/flickr-oauth-dance
15 verbose request no auth needed
16 info attempt registry request try #1 at 4:44:46 PM
17 verbose request id 41cccb5c94575d54
18 verbose etag W/"54908600-1356"
19 verbose lastModified Tue, 16 Dec 2014 19:20:32 GMT
20 http request GET https://registry.npmjs.org/flickr-oauth-dance
21 http 304 https://registry.npmjs.org/flickr-oauth-dance
22 verbose headers { date: 'Mon, 03 Apr 2017 21:44:37 GMT',
22 verbose headers   via: '1.1 varnish',
22 verbose headers   'cache-control': 'max-age=300',
22 verbose headers   etag: 'W/"54908600-1356"',
22 verbose headers   age: '29',
22 verbose headers   connection: 'keep-alive',
22 verbose headers   'x-served-by': 'cache-mia1322-MIA',
22 verbose headers   'x-cache': 'HIT',
22 verbose headers   'x-cache-hits': '1',
22 verbose headers   'x-timer': 'S1491255877.492844,VS0,VE0',
22 verbose headers   vary: 'Accept-Encoding' }
23 silly get cb [ 304,
23 silly get   { date: 'Mon, 03 Apr 2017 21:44:37 GMT',
23 silly get     via: '1.1 varnish',
23 silly get     'cache-control': 'max-age=300',
23 silly get     etag: 'W/"54908600-1356"',
23 silly get     age: '29',
23 silly get     connection: 'keep-alive',
23 silly get     'x-served-by': 'cache-mia1322-MIA',
23 silly get     'x-cache': 'HIT',
23 silly get     'x-cache-hits': '1',
23 silly get     'x-timer': 'S1491255877.492844,VS0,VE0',
23 silly get     vary: 'Accept-Encoding' } ]
24 verbose etag https://registry.npmjs.org/flickr-oauth-dance from cache
25 verbose get saving flickr-oauth-dance to /root/.npm/registry.npmjs.org/flickr-oauth-dance/.cache.json
26 verbose correctMkdir /root/.npm correctMkdir not in flight; initializing
27 silly install normalizeTree
28 silly loadCurrentTree Finishing
29 silly loadIdealTree Starting
30 silly install loadIdealTree
31 silly cloneCurrentTree Starting
32 silly install cloneCurrentTreeToIdealTree
33 silly cloneCurrentTree Finishing
34 silly loadShrinkwrap Starting
35 silly install loadShrinkwrap
36 silly loadShrinkwrap Finishing
37 silly loadAllDepsIntoIdealTree Starting
38 silly install loadAllDepsIntoIdealTree
39 silly rollbackFailedOptional Starting
40 silly rollbackFailedOptional Finishing
41 silly runTopLevelLifecycles Finishing
42 silly install printInstalled
43 verbose stack Error: Unsupported platform for flickr-oauth-dance@1.0.2: wanted {"name":"flickr-oauth-dance","version":"1.0.2","description":"Dances with Flickr to quickly get OAuth credentials","bin":{"flickr-oauth-dance":"bin/flickr-oauth-dance"},"keywords":["cli","flickr","oauth"],"main":"index.js","scripts":{"test":"echo \"Error: no test specified\" && exit 1"},"os":["darwin"],"repository":{"type":"git","url":"git+https://github.com/bertrandom/flickr-oauth-dance.git"},"author":{"name":"Bertrand Fan"},"license":"MIT","dependencies":{"chalk":"^0.5.1","char-spinner":"^1.0.1","cheerio":"^0.18.0","chrome-cookies-secure":"^1.0.1","inquirer":"^0.8.0","mkdirp":"^0.5.0","oauth":"^0.9.12","request":"^2.49.0"},"gitHead":"0233e4477f572e0e31f48bed2de53f63151ed7b4","bugs":{"url":"https://github.com/bertrandom/flickr-oauth-dance/issues"},"homepage":"https://github.com/bertrandom/flickr-oauth-dance","_id":"flickr-oauth-dance@1.0.2","_shasum":"dffd2d03347e71c7f874637a4a48d887e8794b38","_from":"flickr-oauth-dance","_npmVersion":"1.4.28","_npmUser":{"name":"bertrandom","email":"bertrand@fan.net"},"maintainers":[{"name":"bertrandom","email":"bertrand@fan.net"}],"dist":{"shasum":"dffd2d03347e71c7f874637a4a48d887e8794b38","tarball":"https://registry.npmjs.org/flickr-oauth-dance/-/flickr-oauth-dance-1.0.2.tgz"},"directories":{},"_resolved":"https://registry.npmjs.org/flickr-oauth-dance/-/flickr-oauth-dance-1.0.2.tgz","_requested":{"raw":"flickr-oauth-dance","scope":null,"escapedName":"flickr-oauth-dance","name":"flickr-oauth-dance","rawSpec":"","spec":"latest","type":"tag"},"_spec":"flickr-oauth-dance","_where":"/mnt/d/OneDrive - University of Miami/UM/webapps/CIM593-693/week12/examples/imgur","_args":[[{"raw":"flickr-oauth-dance","scope":null,"escapedName":"flickr-oauth-dance","name":"flickr-oauth-dance","rawSpec":"","spec":"latest","type":"tag"},"/mnt/d/OneDrive - University of Miami/UM/webapps/CIM593-693/week12/examples/imgur"]],"readme":"ERROR: No README data found!"} (current: {"os":"linux","cpu":"x64"})
43 verbose stack     at checkPlatform (/root/.nvm/versions/node/v7.0.0/lib/node_modules/npm/node_modules/npm-install-checks/index.js:45:14)
43 verbose stack     at thenWarnEngineIssues (/root/.nvm/versions/node/v7.0.0/lib/node_modules/npm/lib/install/validate-args.js:41:5)
43 verbose stack     at /root/.nvm/versions/node/v7.0.0/lib/node_modules/npm/node_modules/iferr/index.js:13:50
43 verbose stack     at checkEngine (/root/.nvm/versions/node/v7.0.0/lib/node_modules/npm/node_modules/npm-install-checks/index.js:10:20)
43 verbose stack     at module.exports.isInstallable (/root/.nvm/versions/node/v7.0.0/lib/node_modules/npm/lib/install/validate-args.js:38:3)
43 verbose stack     at Array.<anonymous> (/root/.nvm/versions/node/v7.0.0/lib/node_modules/npm/node_modules/slide/lib/bind-actor.js:15:8)
43 verbose stack     at LOOP (/root/.nvm/versions/node/v7.0.0/lib/node_modules/npm/node_modules/slide/lib/chain.js:15:14)
43 verbose stack     at /root/.nvm/versions/node/v7.0.0/lib/node_modules/npm/node_modules/slide/lib/chain.js:18:7
43 verbose stack     at checkSelf (/root/.nvm/versions/node/v7.0.0/lib/node_modules/npm/lib/install/validate-args.js:46:72)
43 verbose stack     at Array.<anonymous> (/root/.nvm/versions/node/v7.0.0/lib/node_modules/npm/node_modules/slide/lib/bind-actor.js:15:8)
44 verbose pkgid flickr-oauth-dance@1.0.2
45 verbose cwd /mnt/d/OneDrive - University of Miami/UM/webapps/CIM593-693/week12/examples/imgur
46 error Linux 3.4.0+
47 error argv "/root/.nvm/versions/node/v7.0.0/bin/node" "/root/.nvm/versions/node/v7.0.0/bin/npm" "install" "-g" "flickr-oauth-dance"
48 error node v7.0.0
49 error npm  v3.10.8
50 error code EBADPLATFORM
51 error notsup Unsupported platform for flickr-oauth-dance@1.0.2: wanted {"os":"darwin","arch":"any"} (current: {"os":"linux","arch":"x64"})
52 error notsup Valid OS:    darwin
52 error notsup Valid Arch:  any
52 error notsup Actual OS:   linux
52 error notsup Actual Arch: x64
53 verbose exit [ 1, true ]
